2025-10-05 01:23:16, MOVE, v:1, k:toalha, mode:PICK
2025-10-05 01:23:51, EXEC, v:1, k:toalha, mode:FREE, size:57
2025-10-05 01:24:43, MOVE, v:1, k:toalha, mode:BACK
2025-10-05 01:24:47, MOVE, v:1, k:enxugar, mode:PICK
2025-10-05 01:25:09, MOVE, v:1, k:enxugar, mode:BACK
2025-10-05 01:34:50, MOVE, v:1, k:enxugar, mode:PICK
2025-10-05 01:37:59, MOVE, v:1, k:enxugar, mode:BACK
2025-10-05 01:39:47, MOVE, v:1, k:enxugar, mode:PICK
2025-10-05 01:42:25, MOVE, v:1, k:enxugar, mode:BACK
2025-10-05 01:42:26, MOVE, v:1, k:enxugar, mode:PICK
2025-10-05 01:42:30, MOVE, v:1, k:enxugar, mode:BACK
2025-10-05 01:43:04, MOVE, v:1, k:enxugar, mode:PICK
2025-10-05 01:45:43, MOVE, v:1, k:enxugar, mode:BACK
2025-10-05 01:47:51, MOVE, v:1, k:enxugar, mode:PICK
2025-10-05 01:47:54, EXEC, v:1, k:enxugar, mode:FREE, size:83
2025-10-05 01:54:28, MOVE, v:1, k:enxugar, mode:BACK
2025-10-05 01:54:32, MOVE, v:1, k:animal, mode:PICK
2025-10-05 01:54:40, MOVE, v:1, k:animal, mode:BACK
2025-10-05 01:54:52, MOVE, v:1, k:toalha, mode:PICK
2025-10-05 01:55:00, MOVE, v:1, k:toalha, mode:BACK
2025-10-05 01:55:15, MOVE, v:1, k:enxugar, mode:PICK
2025-10-05 01:55:30, MOVE, v:1, k:enxugar, mode:BACK
2025-10-05 01:55:33, MOVE, v:1, k:enxugar, mode:PICK
2025-10-05 01:58:31, MOVE, v:1, k:enxugar, mode:BACK
2025-10-05 02:01:09, MOVE, v:1, k:enxugar, mode:PICK
2025-10-05 02:04:50, MOVE, v:1, k:enxugar, mode:BACK
2025-10-05 02:05:35, MOVE, v:1, k:enxugar, mode:PICK
2025-10-05 02:12:28, EXEC, v:1, k:enxugar, mode:FULL, rate:100, size:78
2025-10-05 02:12:28, EXEC, v:1, k:enxugar, mode:FULL, rate:100, size:78
2025-10-05 02:13:31, MOVE, v:1, k:enxugar, mode:BACK
2025-10-05 02:14:05, MOVE, v:1, k:enxugar, mode:PICK
2025-10-05 02:14:09, EXEC, v:1, k:enxugar, mode:FULL, rate:100, size:77
2025-10-05 02:14:13, EXEC, v:1, k:enxugar, mode:FULL, rate:100
2025-10-05 02:30:30, MOVE, v:1, k:enxugar, mode:BACK
2025-10-05 02:30:34, MOVE, v:1, k:animal, mode:PICK
2025-10-05 02:30:36, EXEC, v:1, k:animal, mode:FULL, rate:100, size:50
2025-10-05 02:30:42, EXEC, v:1, k:animal, mode:FULL, rate:100
2025-10-05 02:30:44, MOVE, v:1, k:animal, mode:BACK
2025-10-05 02:31:11, MOVE, v:1, k:toalha, mode:PICK
2025-10-05 02:31:13, EXEC, v:1, k:toalha, mode:LOCK, rate:0
2025-10-05 02:31:17, EXEC, v:1, k:toalha, mode:LOCK, rate:0
2025-10-05 02:31:18, MOVE, v:1, k:toalha, mode:BACK
2025-10-05 02:31:24, MOVE, v:1, k:carro, mode:DOWN
